{"contracts/CryptoColor.sol":{"l":{"18":4,"19":4,"20":4,"24":1},"path":"/Users/vladislavivanov/Desktop/etherlime-workshop/contracts/CryptoColor.sol","s":{"1":4,"2":4,"3":4,"4":1},"b":{},"f":{"1":6,"2":4,"3":1},"fnMap":{"1":{"name":null,"line":6,"loc":{"start":{"line":6,"column":4},"end":{"line":6,"column":56}}},"2":{"name":"mint","line":17,"loc":{"start":{"line":17,"column":4},"end":{"line":17,"column":24}}},"3":{"name":"getColorFromId","line":23,"loc":{"start":{"line":23,"column":4},"end":{"line":23,"column":76}}}},"statementMap":{"1":{"start":{"line":18,"column":8},"end":{"line":18,"column":82}},"2":{"start":{"line":19,"column":8},"end":{"line":19,"column":41}},"3":{"start":{"line":20,"column":8},"end":{"line":20,"column":29}},"4":{"start":{"line":24,"column":8},"end":{"line":24,"column":66}}},"branchMap":{}},"contracts/LimeFactory.sol":{"l":{"17":0,"18":0},"path":"/Users/vladislavivanov/Desktop/etherlime-workshop/contracts/LimeFactory.sol","s":{"1":0},"b":{},"f":{"1":0},"fnMap":{"1":{"name":"createLime","line":16,"loc":{"start":{"line":16,"column":4},"end":{"line":16,"column":101}}}},"statementMap":{"1":{"start":{"line":18,"column":8},"end":{"line":18,"column":29}}},"branchMap":{}}}